{"/Users/josephorr/Development/restify/api-tests/swagger-test.js":{"path":"/Users/josephorr/Development/restify/api-tests/swagger-test.js","s":{"1":1,"2":1,"3":1,"4":1,"5":1,"6":1,"7":1,"8":1,"9":1,"10":1,"11":1,"12":1,"13":1,"14":1,"15":1,"16":1,"17":1,"18":1,"19":1,"20":2,"21":2,"22":1,"23":2,"24":2,"25":2,"26":2,"27":1,"28":2,"29":2,"30":4,"31":1,"32":2,"33":1},"b":{"1":[1,1],"2":[1,3],"3":[1,1]},"f":{"1":1,"2":1,"3":1,"4":1,"5":1,"6":1,"7":2,"8":2,"9":2,"10":2,"11":4},"fnMap":{"1":{"name":"(anonymous_1)","line":17,"loc":{"start":{"line":17,"column":45},"end":{"line":17,"column":57}}},"2":{"name":"(anonymous_2)","line":19,"loc":{"start":{"line":19,"column":9},"end":{"line":19,"column":23}}},"3":{"name":"(anonymous_3)","line":26,"loc":{"start":{"line":26,"column":12},"end":{"line":26,"column":25}}},"4":{"name":"(anonymous_4)","line":35,"loc":{"start":{"line":35,"column":14},"end":{"line":35,"column":24}}},"5":{"name":"tests","line":42,"loc":{"start":{"line":42,"column":0},"end":{"line":42,"column":16}}},"6":{"name":"(anonymous_6)","line":43,"loc":{"start":{"line":43,"column":41},"end":{"line":43,"column":52}}},"7":{"name":"(anonymous_7)","line":44,"loc":{"start":{"line":44,"column":20},"end":{"line":44,"column":38}}},"8":{"name":"(anonymous_8)","line":45,"loc":{"start":{"line":45,"column":29},"end":{"line":45,"column":41}}},"9":{"name":"(anonymous_9)","line":50,"loc":{"start":{"line":50,"column":16},"end":{"line":50,"column":36}}},"10":{"name":"checkXamplesFinished","line":60,"loc":{"start":{"line":60,"column":0},"end":{"line":60,"column":31}}},"11":{"name":"(anonymous_11)","line":63,"loc":{"start":{"line":63,"column":18},"end":{"line":63,"column":34}}}},"statementMap":{"1":{"start":{"line":6,"column":0},"end":{"line":6,"column":38}},"2":{"start":{"line":7,"column":0},"end":{"line":7,"column":44}},"3":{"start":{"line":8,"column":0},"end":{"line":8,"column":29}},"4":{"start":{"line":10,"column":0},"end":{"line":10,"column":29}},"5":{"start":{"line":11,"column":0},"end":{"line":11,"column":45}},"6":{"start":{"line":13,"column":0},"end":{"line":13,"column":27}},"7":{"start":{"line":15,"column":0},"end":{"line":15,"column":12}},"8":{"start":{"line":17,"column":0},"end":{"line":40,"column":3}},"9":{"start":{"line":19,"column":2},"end":{"line":32,"column":5}},"10":{"start":{"line":20,"column":4},"end":{"line":31,"column":8}},"11":{"start":{"line":27,"column":8},"end":{"line":27,"column":27}},"12":{"start":{"line":28,"column":8},"end":{"line":28,"column":45}},"13":{"start":{"line":29,"column":8},"end":{"line":29,"column":16}},"14":{"start":{"line":30,"column":8},"end":{"line":30,"column":15}},"15":{"start":{"line":35,"column":2},"end":{"line":37,"column":5}},"16":{"start":{"line":36,"column":4},"end":{"line":36,"column":16}},"17":{"start":{"line":42,"column":0},"end":{"line":58,"column":1}},"18":{"start":{"line":43,"column":2},"end":{"line":57,"column":5}},"19":{"start":{"line":44,"column":4},"end":{"line":56,"column":7}},"20":{"start":{"line":45,"column":6},"end":{"line":55,"column":9}},"21":{"start":{"line":46,"column":8},"end":{"line":48,"column":9}},"22":{"start":{"line":47,"column":10},"end":{"line":47,"column":66}},"23":{"start":{"line":49,"column":8},"end":{"line":54,"column":13}},"24":{"start":{"line":51,"column":12},"end":{"line":51,"column":35}},"25":{"start":{"line":52,"column":12},"end":{"line":52,"column":81}},"26":{"start":{"line":53,"column":12},"end":{"line":53,"column":35}},"27":{"start":{"line":60,"column":0},"end":{"line":72,"column":1}},"28":{"start":{"line":62,"column":2},"end":{"line":62,"column":22}},"29":{"start":{"line":63,"column":2},"end":{"line":67,"column":5}},"30":{"start":{"line":64,"column":4},"end":{"line":66,"column":5}},"31":{"start":{"line":65,"column":6},"end":{"line":65,"column":23}},"32":{"start":{"line":68,"column":2},"end":{"line":70,"column":3}},"33":{"start":{"line":69,"column":4},"end":{"line":69,"column":19}}},"branchMap":{"1":{"line":46,"type":"if","locations":[{"start":{"line":46,"column":8},"end":{"line":46,"column":8}},{"start":{"line":46,"column":8},"end":{"line":46,"column":8}}]},"2":{"line":64,"type":"if","locations":[{"start":{"line":64,"column":4},"end":{"line":64,"column":4}},{"start":{"line":64,"column":4},"end":{"line":64,"column":4}}]},"3":{"line":68,"type":"if","locations":[{"start":{"line":68,"column":2},"end":{"line":68,"column":2}},{"start":{"line":68,"column":2},"end":{"line":68,"column":2}}]}}},"/Users/josephorr/Development/restify/index.js":{"path":"/Users/josephorr/Development/restify/index.js","s":{"1":1,"2":1,"3":1,"4":1,"5":1,"6":1,"7":1,"8":1,"9":1,"10":1,"11":2,"12":2,"13":2,"14":1,"15":1,"16":1,"17":1,"18":1,"19":1,"20":0,"21":0,"22":0,"23":0,"24":0,"25":0,"26":0,"27":0,"28":0,"29":1,"30":1,"31":1,"32":1,"33":1,"34":1,"35":1,"36":1,"37":1,"38":1,"39":1,"40":1},"b":{"1":[1,1],"2":[0,0],"3":[1,1]},"f":{"1":2,"2":0,"3":1,"4":1},"fnMap":{"1":{"name":"(anonymous_1)","line":88,"loc":{"start":{"line":88,"column":25},"end":{"line":88,"column":55}}},"2":{"name":"(anonymous_2)","line":126,"loc":{"start":{"line":126,"column":31},"end":{"line":126,"column":63}},"skip":true},"3":{"name":"(anonymous_3)","line":149,"loc":{"start":{"line":149,"column":29},"end":{"line":149,"column":48}}},"4":{"name":"(anonymous_4)","line":155,"loc":{"start":{"line":155,"column":40},"end":{"line":155,"column":52}}}},"statementMap":{"1":{"start":{"line":4,"column":0},"end":{"line":4,"column":44}},"2":{"start":{"line":5,"column":0},"end":{"line":5,"column":34}},"3":{"start":{"line":7,"column":0},"end":{"line":22,"column":2}},"4":{"start":{"line":23,"column":0},"end":{"line":23,"column":40}},"5":{"start":{"line":71,"column":1},"end":{"line":71,"column":42}},"6":{"start":{"line":73,"column":0},"end":{"line":73,"column":29}},"7":{"start":{"line":74,"column":0},"end":{"line":74,"column":28}},"8":{"start":{"line":75,"column":0},"end":{"line":75,"column":31}},"9":{"start":{"line":77,"column":0},"end":{"line":82,"column":3}},"10":{"start":{"line":84,"column":0},"end":{"line":111,"column":3}},"11":{"start":{"line":89,"column":6},"end":{"line":89,"column":56}},"12":{"start":{"line":107,"column":6},"end":{"line":107,"column":71}},"13":{"start":{"line":108,"column":6},"end":{"line":108,"column":44}},"14":{"start":{"line":113,"column":0},"end":{"line":117,"column":4}},"15":{"start":{"line":118,"column":0},"end":{"line":118,"column":53}},"16":{"start":{"line":119,"column":0},"end":{"line":119,"column":34}},"17":{"start":{"line":120,"column":0},"end":{"line":120,"column":35}},"18":{"start":{"line":121,"column":0},"end":{"line":121,"column":39}},"19":{"start":{"line":126,"column":0},"end":{"line":137,"column":3},"skip":true},"20":{"start":{"line":127,"column":2},"end":{"line":127,"column":45},"skip":true},"21":{"start":{"line":128,"column":2},"end":{"line":128,"column":21},"skip":true},"22":{"start":{"line":129,"column":2},"end":{"line":129,"column":25},"skip":true},"23":{"start":{"line":130,"column":2},"end":{"line":130,"column":25},"skip":true},"24":{"start":{"line":131,"column":2},"end":{"line":131,"column":43},"skip":true},"25":{"start":{"line":132,"column":2},"end":{"line":134,"column":3},"skip":true},"26":{"start":{"line":133,"column":4},"end":{"line":133,"column":41},"skip":true},"27":{"start":{"line":135,"column":2},"end":{"line":135,"column":18},"skip":true},"28":{"start":{"line":136,"column":2},"end":{"line":136,"column":12},"skip":true},"29":{"start":{"line":140,"column":0},"end":{"line":140,"column":54}},"30":{"start":{"line":141,"column":0},"end":{"line":141,"column":15}},"31":{"start":{"line":144,"column":0},"end":{"line":146,"column":4}},"32":{"start":{"line":149,"column":0},"end":{"line":152,"column":3}},"33":{"start":{"line":150,"column":2},"end":{"line":150,"column":52}},"34":{"start":{"line":151,"column":2},"end":{"line":151,"column":24}},"35":{"start":{"line":154,"column":0},"end":{"line":154,"column":31}},"36":{"start":{"line":155,"column":0},"end":{"line":157,"column":3}},"37":{"start":{"line":156,"column":2},"end":{"line":156,"column":58}},"38":{"start":{"line":159,"column":0},"end":{"line":159,"column":17}},"39":{"start":{"line":160,"column":0},"end":{"line":160,"column":21}},"40":{"start":{"line":161,"column":0},"end":{"line":161,"column":29}}},"branchMap":{"1":{"line":79,"type":"binary-expr","locations":[{"start":{"line":79,"column":16},"end":{"line":79,"column":37}},{"start":{"line":79,"column":41},"end":{"line":79,"column":47}}]},"2":{"line":132,"type":"if","locations":[{"start":{"line":132,"column":2},"end":{"line":132,"column":2},"skip":true},{"start":{"line":132,"column":2},"end":{"line":132,"column":2},"skip":true}]},"3":{"line":155,"type":"binary-expr","locations":[{"start":{"line":155,"column":14},"end":{"line":155,"column":30}},{"start":{"line":155,"column":34},"end":{"line":155,"column":38}}]}}},"/Users/josephorr/Development/restify/routes/index.js":{"path":"/Users/josephorr/Development/restify/routes/index.js","s":{"1":1,"2":1,"3":1,"4":2,"5":1},"b":{"1":[1,1],"2":[2,2]},"f":{"1":1,"2":2},"fnMap":{"1":{"name":"(anonymous_1)","line":5,"loc":{"start":{"line":5,"column":17},"end":{"line":5,"column":35}}},"2":{"name":"(anonymous_2)","line":6,"loc":{"start":{"line":6,"column":37},"end":{"line":6,"column":53}}}},"statementMap":{"1":{"start":{"line":3,"column":0},"end":{"line":3,"column":25}},"2":{"start":{"line":5,"column":0},"end":{"line":11,"column":2}},"3":{"start":{"line":6,"column":2},"end":{"line":10,"column":5}},"4":{"start":{"line":7,"column":4},"end":{"line":9,"column":5}},"5":{"start":{"line":8,"column":6},"end":{"line":8,"column":54}}},"branchMap":{"1":{"line":7,"type":"if","locations":[{"start":{"line":7,"column":4},"end":{"line":7,"column":4}},{"start":{"line":7,"column":4},"end":{"line":7,"column":4}}]},"2":{"line":7,"type":"binary-expr","locations":[{"start":{"line":7,"column":8},"end":{"line":7,"column":36}},{"start":{"line":7,"column":40},"end":{"line":7,"column":59}}]}}},"/Users/josephorr/Development/restify/routes/weather.js":{"path":"/Users/josephorr/Development/restify/routes/weather.js","s":{"1":1,"2":1,"3":1,"4":1,"5":1,"6":1,"7":2,"8":2,"9":2,"10":2,"11":2,"12":2},"b":{},"f":{"1":1,"2":2,"3":2},"fnMap":{"1":{"name":"(anonymous_1)","line":10,"loc":{"start":{"line":10,"column":17},"end":{"line":10,"column":35}}},"2":{"name":"(anonymous_2)","line":94,"loc":{"start":{"line":94,"column":31},"end":{"line":94,"column":57}}},"3":{"name":"(anonymous_3)","line":105,"loc":{"start":{"line":105,"column":58},"end":{"line":105,"column":89}}}},"statementMap":{"1":{"start":{"line":1,"column":0},"end":{"line":1,"column":35}},"2":{"start":{"line":2,"column":0},"end":{"line":2,"column":31}},"3":{"start":{"line":4,"column":0},"end":{"line":6,"column":34}},"4":{"start":{"line":8,"column":0},"end":{"line":8,"column":40}},"5":{"start":{"line":10,"column":0},"end":{"line":111,"column":2}},"6":{"start":{"line":94,"column":2},"end":{"line":109,"column":5}},"7":{"start":{"line":95,"column":5},"end":{"line":95,"column":32}},"8":{"start":{"line":97,"column":4},"end":{"line":97,"column":67}},"9":{"start":{"line":98,"column":4},"end":{"line":98,"column":55}},"10":{"start":{"line":101,"column":4},"end":{"line":103,"column":7}},"11":{"start":{"line":105,"column":4},"end":{"line":107,"column":7}},"12":{"start":{"line":106,"column":6},"end":{"line":106,"column":20}}},"branchMap":{}}}