{"/Users/josephorr/Development/restify/api-tests/swagger-test.js":{"path":"/Users/josephorr/Development/restify/api-tests/swagger-test.js","s":{"1":1,"2":1,"3":1,"4":1,"5":1,"6":1,"7":1,"8":1,"9":1,"10":1,"11":1,"12":1,"13":1,"14":1,"15":1,"16":1,"17":1,"18":1,"19":1,"20":1,"21":1,"22":1,"23":1,"24":1,"25":1,"26":1,"27":1,"28":1,"29":1,"30":0,"31":1,"32":1},"b":{"1":[0,1],"2":[1,0]},"f":{"1":1,"2":1,"3":1,"4":1,"5":1,"6":1,"7":1,"8":1,"9":1,"10":1,"11":1},"fnMap":{"1":{"name":"(anonymous_1)","line":17,"loc":{"start":{"line":17,"column":45},"end":{"line":17,"column":57}}},"2":{"name":"(anonymous_2)","line":19,"loc":{"start":{"line":19,"column":9},"end":{"line":19,"column":23}}},"3":{"name":"(anonymous_3)","line":26,"loc":{"start":{"line":26,"column":12},"end":{"line":26,"column":25}}},"4":{"name":"(anonymous_4)","line":35,"loc":{"start":{"line":35,"column":14},"end":{"line":35,"column":24}}},"5":{"name":"tests","line":42,"loc":{"start":{"line":42,"column":0},"end":{"line":42,"column":16}}},"6":{"name":"(anonymous_6)","line":43,"loc":{"start":{"line":43,"column":41},"end":{"line":43,"column":52}}},"7":{"name":"(anonymous_7)","line":44,"loc":{"start":{"line":44,"column":20},"end":{"line":44,"column":38}}},"8":{"name":"(anonymous_8)","line":45,"loc":{"start":{"line":45,"column":29},"end":{"line":45,"column":41}}},"9":{"name":"(anonymous_9)","line":48,"loc":{"start":{"line":48,"column":16},"end":{"line":48,"column":36}}},"10":{"name":"checkXamplesFinished","line":59,"loc":{"start":{"line":59,"column":0},"end":{"line":59,"column":31}},"skip":true},"11":{"name":"(anonymous_11)","line":62,"loc":{"start":{"line":62,"column":18},"end":{"line":62,"column":34}},"skip":true}},"statementMap":{"1":{"start":{"line":6,"column":0},"end":{"line":6,"column":38}},"2":{"start":{"line":7,"column":0},"end":{"line":7,"column":44}},"3":{"start":{"line":8,"column":0},"end":{"line":8,"column":29}},"4":{"start":{"line":10,"column":0},"end":{"line":10,"column":29}},"5":{"start":{"line":11,"column":0},"end":{"line":11,"column":45}},"6":{"start":{"line":13,"column":0},"end":{"line":13,"column":27}},"7":{"start":{"line":15,"column":0},"end":{"line":15,"column":12}},"8":{"start":{"line":17,"column":0},"end":{"line":40,"column":3}},"9":{"start":{"line":19,"column":2},"end":{"line":32,"column":5}},"10":{"start":{"line":20,"column":4},"end":{"line":31,"column":8}},"11":{"start":{"line":27,"column":8},"end":{"line":27,"column":27}},"12":{"start":{"line":28,"column":8},"end":{"line":28,"column":45}},"13":{"start":{"line":29,"column":8},"end":{"line":29,"column":16}},"14":{"start":{"line":30,"column":8},"end":{"line":30,"column":15}},"15":{"start":{"line":35,"column":2},"end":{"line":37,"column":5}},"16":{"start":{"line":36,"column":4},"end":{"line":36,"column":16}},"17":{"start":{"line":42,"column":0},"end":{"line":56,"column":1}},"18":{"start":{"line":43,"column":2},"end":{"line":55,"column":5}},"19":{"start":{"line":44,"column":4},"end":{"line":54,"column":7}},"20":{"start":{"line":45,"column":6},"end":{"line":53,"column":9}},"21":{"start":{"line":46,"column":8},"end":{"line":46,"column":66}},"22":{"start":{"line":47,"column":8},"end":{"line":52,"column":13}},"23":{"start":{"line":49,"column":12},"end":{"line":49,"column":35}},"24":{"start":{"line":50,"column":12},"end":{"line":50,"column":81}},"25":{"start":{"line":51,"column":12},"end":{"line":51,"column":35}},"26":{"start":{"line":59,"column":0},"end":{"line":71,"column":1},"skip":true},"27":{"start":{"line":61,"column":2},"end":{"line":61,"column":22},"skip":true},"28":{"start":{"line":62,"column":2},"end":{"line":66,"column":5},"skip":true},"29":{"start":{"line":63,"column":4},"end":{"line":65,"column":5},"skip":true},"30":{"start":{"line":64,"column":6},"end":{"line":64,"column":23},"skip":true},"31":{"start":{"line":67,"column":2},"end":{"line":69,"column":3},"skip":true},"32":{"start":{"line":68,"column":4},"end":{"line":68,"column":19},"skip":true}},"branchMap":{"1":{"line":63,"type":"if","locations":[{"start":{"line":63,"column":4},"end":{"line":63,"column":4},"skip":true},{"start":{"line":63,"column":4},"end":{"line":63,"column":4},"skip":true}]},"2":{"line":67,"type":"if","locations":[{"start":{"line":67,"column":2},"end":{"line":67,"column":2},"skip":true},{"start":{"line":67,"column":2},"end":{"line":67,"column":2},"skip":true}]}}},"/Users/josephorr/Development/restify/index.js":{"path":"/Users/josephorr/Development/restify/index.js","s":{"1":1,"2":1,"3":1,"4":1,"5":1,"6":1,"7":1,"8":1,"9":1,"10":1,"11":2,"12":2,"13":2,"14":0,"15":2,"16":2,"17":2,"18":1,"19":1,"20":1,"21":1,"22":1,"23":1,"24":0,"25":0,"26":0,"27":0,"28":0,"29":0,"30":0,"31":0,"32":0,"33":1,"34":1,"35":1,"36":1,"37":1,"38":1,"39":1,"40":1,"41":1,"42":1,"43":1},"b":{"1":[1,1],"2":[0,2],"3":[2,0],"4":[0,0],"5":[1,1]},"f":{"1":2,"2":0,"3":1,"4":1,"5":1},"fnMap":{"1":{"name":"(anonymous_1)","line":89,"loc":{"start":{"line":89,"column":25},"end":{"line":89,"column":55}}},"2":{"name":"(anonymous_2)","line":123,"loc":{"start":{"line":123,"column":31},"end":{"line":123,"column":63}},"skip":true},"3":{"name":"(anonymous_3)","line":146,"loc":{"start":{"line":146,"column":29},"end":{"line":146,"column":48}}},"4":{"name":"(anonymous_4)","line":152,"loc":{"start":{"line":152,"column":40},"end":{"line":152,"column":52}}},"5":{"name":"(anonymous_5)","line":156,"loc":{"start":{"line":156,"column":16},"end":{"line":156,"column":26}}}},"statementMap":{"1":{"start":{"line":4,"column":0},"end":{"line":4,"column":44}},"2":{"start":{"line":5,"column":0},"end":{"line":5,"column":34}},"3":{"start":{"line":7,"column":0},"end":{"line":22,"column":2}},"4":{"start":{"line":23,"column":0},"end":{"line":23,"column":40}},"5":{"start":{"line":72,"column":1},"end":{"line":72,"column":42}},"6":{"start":{"line":74,"column":0},"end":{"line":74,"column":29}},"7":{"start":{"line":75,"column":0},"end":{"line":75,"column":28}},"8":{"start":{"line":76,"column":0},"end":{"line":76,"column":31}},"9":{"start":{"line":78,"column":0},"end":{"line":83,"column":3}},"10":{"start":{"line":85,"column":0},"end":{"line":108,"column":3}},"11":{"start":{"line":90,"column":6},"end":{"line":90,"column":56}},"12":{"start":{"line":93,"column":6},"end":{"line":93,"column":97}},"13":{"start":{"line":97,"column":6},"end":{"line":99,"column":7},"skip":true},"14":{"start":{"line":98,"column":8},"end":{"line":98,"column":67},"skip":true},"15":{"start":{"line":102,"column":6},"end":{"line":104,"column":7}},"16":{"start":{"line":103,"column":8},"end":{"line":103,"column":73}},"17":{"start":{"line":105,"column":6},"end":{"line":105,"column":44}},"18":{"start":{"line":110,"column":0},"end":{"line":114,"column":4}},"19":{"start":{"line":115,"column":0},"end":{"line":115,"column":53}},"20":{"start":{"line":116,"column":0},"end":{"line":116,"column":34}},"21":{"start":{"line":117,"column":0},"end":{"line":117,"column":35}},"22":{"start":{"line":118,"column":0},"end":{"line":118,"column":39}},"23":{"start":{"line":123,"column":0},"end":{"line":134,"column":3},"skip":true},"24":{"start":{"line":124,"column":2},"end":{"line":124,"column":45},"skip":true},"25":{"start":{"line":125,"column":2},"end":{"line":125,"column":21},"skip":true},"26":{"start":{"line":126,"column":2},"end":{"line":126,"column":25},"skip":true},"27":{"start":{"line":127,"column":2},"end":{"line":127,"column":25},"skip":true},"28":{"start":{"line":128,"column":2},"end":{"line":128,"column":43},"skip":true},"29":{"start":{"line":129,"column":2},"end":{"line":131,"column":3},"skip":true},"30":{"start":{"line":130,"column":4},"end":{"line":130,"column":41},"skip":true},"31":{"start":{"line":132,"column":2},"end":{"line":132,"column":18},"skip":true},"32":{"start":{"line":133,"column":2},"end":{"line":133,"column":12},"skip":true},"33":{"start":{"line":137,"column":0},"end":{"line":137,"column":54}},"34":{"start":{"line":138,"column":0},"end":{"line":138,"column":15}},"35":{"start":{"line":141,"column":0},"end":{"line":143,"column":4}},"36":{"start":{"line":146,"column":0},"end":{"line":149,"column":3}},"37":{"start":{"line":147,"column":2},"end":{"line":147,"column":52}},"38":{"start":{"line":148,"column":2},"end":{"line":148,"column":24}},"39":{"start":{"line":151,"column":0},"end":{"line":151,"column":31}},"40":{"start":{"line":152,"column":0},"end":{"line":154,"column":3}},"41":{"start":{"line":153,"column":2},"end":{"line":153,"column":58}},"42":{"start":{"line":156,"column":0},"end":{"line":158,"column":2}},"43":{"start":{"line":157,"column":2},"end":{"line":157,"column":17}}},"branchMap":{"1":{"line":80,"type":"binary-expr","locations":[{"start":{"line":80,"column":16},"end":{"line":80,"column":37}},{"start":{"line":80,"column":41},"end":{"line":80,"column":47}}]},"2":{"line":97,"type":"if","locations":[{"start":{"line":97,"column":6},"end":{"line":97,"column":6},"skip":true},{"start":{"line":97,"column":6},"end":{"line":97,"column":6},"skip":true}]},"3":{"line":102,"type":"if","locations":[{"start":{"line":102,"column":6},"end":{"line":102,"column":6}},{"start":{"line":102,"column":6},"end":{"line":102,"column":6}}]},"4":{"line":129,"type":"if","locations":[{"start":{"line":129,"column":2},"end":{"line":129,"column":2},"skip":true},{"start":{"line":129,"column":2},"end":{"line":129,"column":2},"skip":true}]},"5":{"line":152,"type":"binary-expr","locations":[{"start":{"line":152,"column":14},"end":{"line":152,"column":30}},{"start":{"line":152,"column":34},"end":{"line":152,"column":38}}]}}},"/Users/josephorr/Development/restify/routes/index.js":{"path":"/Users/josephorr/Development/restify/routes/index.js","s":{"1":1,"2":1,"3":1,"4":2,"5":1},"b":{"1":[1,1],"2":[2,2]},"f":{"1":1,"2":2},"fnMap":{"1":{"name":"(anonymous_1)","line":5,"loc":{"start":{"line":5,"column":17},"end":{"line":5,"column":35}}},"2":{"name":"(anonymous_2)","line":6,"loc":{"start":{"line":6,"column":37},"end":{"line":6,"column":53}}}},"statementMap":{"1":{"start":{"line":3,"column":0},"end":{"line":3,"column":25}},"2":{"start":{"line":5,"column":0},"end":{"line":11,"column":2}},"3":{"start":{"line":6,"column":2},"end":{"line":10,"column":5}},"4":{"start":{"line":7,"column":4},"end":{"line":9,"column":5}},"5":{"start":{"line":8,"column":6},"end":{"line":8,"column":54}}},"branchMap":{"1":{"line":7,"type":"if","locations":[{"start":{"line":7,"column":4},"end":{"line":7,"column":4}},{"start":{"line":7,"column":4},"end":{"line":7,"column":4}}]},"2":{"line":7,"type":"binary-expr","locations":[{"start":{"line":7,"column":8},"end":{"line":7,"column":36}},{"start":{"line":7,"column":40},"end":{"line":7,"column":59}}]}}},"/Users/josephorr/Development/restify/routes/weather.js":{"path":"/Users/josephorr/Development/restify/routes/weather.js","s":{"1":1,"2":1,"3":1,"4":1,"5":1,"6":1,"7":1,"8":1,"9":1,"10":1,"11":1,"12":1},"b":{},"f":{"1":1,"2":1,"3":1},"fnMap":{"1":{"name":"(anonymous_1)","line":10,"loc":{"start":{"line":10,"column":17},"end":{"line":10,"column":35}}},"2":{"name":"(anonymous_2)","line":82,"loc":{"start":{"line":82,"column":31},"end":{"line":82,"column":57}}},"3":{"name":"(anonymous_3)","line":93,"loc":{"start":{"line":93,"column":58},"end":{"line":93,"column":89}}}},"statementMap":{"1":{"start":{"line":1,"column":0},"end":{"line":1,"column":35}},"2":{"start":{"line":2,"column":0},"end":{"line":2,"column":31}},"3":{"start":{"line":4,"column":0},"end":{"line":6,"column":34}},"4":{"start":{"line":8,"column":0},"end":{"line":8,"column":40}},"5":{"start":{"line":10,"column":0},"end":{"line":99,"column":2}},"6":{"start":{"line":82,"column":2},"end":{"line":97,"column":5}},"7":{"start":{"line":83,"column":5},"end":{"line":83,"column":32}},"8":{"start":{"line":85,"column":4},"end":{"line":85,"column":67}},"9":{"start":{"line":86,"column":4},"end":{"line":86,"column":55}},"10":{"start":{"line":89,"column":4},"end":{"line":91,"column":7}},"11":{"start":{"line":93,"column":4},"end":{"line":95,"column":7}},"12":{"start":{"line":94,"column":6},"end":{"line":94,"column":20}}},"branchMap":{}}}