TN:
SF:/Users/josephorr/Development/restify/api-tests/swagger-test.js
FN:17,(anonymous_1)
FN:19,(anonymous_2)
FN:26,(anonymous_3)
FN:35,(anonymous_4)
FN:42,tests
FN:43,(anonymous_6)
FN:44,(anonymous_7)
FN:45,(anonymous_8)
FN:50,(anonymous_9)
FN:60,checkXamplesFinished
FN:63,(anonymous_11)
FNF:11
FNH:11
FNDA:1,(anonymous_1)
FNDA:1,(anonymous_2)
FNDA:1,(anonymous_3)
FNDA:1,(anonymous_4)
FNDA:1,tests
FNDA:1,(anonymous_6)
FNDA:2,(anonymous_7)
FNDA:2,(anonymous_8)
FNDA:2,(anonymous_9)
FNDA:2,checkXamplesFinished
FNDA:4,(anonymous_11)
DA:6,1
DA:7,1
DA:8,1
DA:10,1
DA:11,1
DA:13,1
DA:15,1
DA:17,1
DA:19,1
DA:20,1
DA:27,1
DA:28,1
DA:29,1
DA:30,1
DA:35,1
DA:36,1
DA:42,1
DA:43,1
DA:44,1
DA:45,2
DA:46,2
DA:47,1
DA:49,2
DA:51,2
DA:52,2
DA:53,2
DA:60,1
DA:62,2
DA:63,2
DA:64,4
DA:65,1
DA:68,2
DA:69,1
LF:33
LH:33
BRDA:46,1,0,1
BRDA:46,1,1,1
BRDA:64,2,0,1
BRDA:64,2,1,3
BRDA:68,3,0,1
BRDA:68,3,1,1
BRF:6
BRH:6
end_of_record
TN:
SF:/Users/josephorr/Development/restify/index.js
FN:88,(anonymous_1)
FN:126,(anonymous_2)
FN:149,(anonymous_3)
FN:155,(anonymous_4)
FNF:4
FNH:4
FNDA:2,(anonymous_1)
FNDA:0,(anonymous_2)
FNDA:1,(anonymous_3)
FNDA:1,(anonymous_4)
DA:4,1
DA:5,1
DA:7,1
DA:23,1
DA:71,1
DA:73,1
DA:74,1
DA:75,1
DA:77,1
DA:84,1
DA:89,2
DA:107,2
DA:108,2
DA:113,1
DA:118,1
DA:119,1
DA:120,1
DA:121,1
DA:126,1
DA:127,1
DA:128,1
DA:129,1
DA:130,1
DA:131,1
DA:132,1
DA:133,1
DA:135,1
DA:136,1
DA:140,1
DA:141,1
DA:144,1
DA:149,1
DA:150,1
DA:151,1
DA:154,1
DA:155,1
DA:156,1
DA:159,1
DA:160,1
DA:161,1
LF:40
LH:40
BRDA:79,1,0,1
BRDA:79,1,1,1
BRDA:132,2,0,0
BRDA:132,2,1,0
BRDA:155,3,0,1
BRDA:155,3,1,1
BRF:6
BRH:6
end_of_record
TN:
SF:/Users/josephorr/Development/restify/routes/index.js
FN:5,(anonymous_1)
FN:6,(anonymous_2)
FNF:2
FNH:2
FNDA:1,(anonymous_1)
FNDA:2,(anonymous_2)
DA:3,1
DA:5,1
DA:6,1
DA:7,2
DA:8,1
LF:5
LH:5
BRDA:7,1,0,1
BRDA:7,1,1,1
BRDA:7,2,0,2
BRDA:7,2,1,2
BRF:4
BRH:4
end_of_record
TN:
SF:/Users/josephorr/Development/restify/routes/weather.js
FN:10,(anonymous_1)
FN:94,(anonymous_2)
FN:105,(anonymous_3)
FNF:3
FNH:3
FNDA:1,(anonymous_1)
FNDA:2,(anonymous_2)
FNDA:2,(anonymous_3)
DA:1,1
DA:2,1
DA:4,1
DA:8,1
DA:10,1
DA:94,1
DA:95,2
DA:97,2
DA:98,2
DA:101,2
DA:105,2
DA:106,2
LF:12
LH:12
BRF:0
BRH:0
end_of_record
