TN:
SF:/Users/josephorr/Development/restify/api-tests/swagger-test.js
FN:17,(anonymous_1)
FN:19,(anonymous_2)
FN:26,(anonymous_3)
FN:35,(anonymous_4)
FN:42,tests
FN:43,(anonymous_6)
FN:44,(anonymous_7)
FN:45,(anonymous_8)
FN:48,(anonymous_9)
FN:58,checkXamplesFinished
FN:61,(anonymous_11)
FNF:11
FNH:11
FNDA:1,(anonymous_1)
FNDA:1,(anonymous_2)
FNDA:1,(anonymous_3)
FNDA:1,(anonymous_4)
FNDA:1,tests
FNDA:1,(anonymous_6)
FNDA:1,(anonymous_7)
FNDA:1,(anonymous_8)
FNDA:1,(anonymous_9)
FNDA:1,checkXamplesFinished
FNDA:1,(anonymous_11)
DA:6,1
DA:7,1
DA:8,1
DA:10,1
DA:11,1
DA:13,1
DA:15,1
DA:17,1
DA:19,1
DA:20,1
DA:27,1
DA:28,1
DA:29,1
DA:30,1
DA:35,1
DA:36,1
DA:42,1
DA:43,1
DA:44,1
DA:45,1
DA:46,1
DA:47,1
DA:49,1
DA:50,1
DA:51,1
DA:58,1
DA:60,1
DA:61,1
DA:62,1
DA:63,0
DA:66,1
DA:67,1
LF:32
LH:31
BRDA:62,1,0,0
BRDA:62,1,1,1
BRDA:66,2,0,1
BRDA:66,2,1,0
BRF:4
BRH:2
end_of_record
TN:
SF:/Users/josephorr/Development/restify/index.js
FN:89,(anonymous_1)
FN:121,(anonymous_2)
FN:144,(anonymous_3)
FN:150,(anonymous_4)
FN:154,(anonymous_5)
FNF:5
FNH:4
FNDA:2,(anonymous_1)
FNDA:0,(anonymous_2)
FNDA:1,(anonymous_3)
FNDA:1,(anonymous_4)
FNDA:1,(anonymous_5)
DA:4,1
DA:5,1
DA:7,1
DA:23,1
DA:72,1
DA:74,1
DA:75,1
DA:76,1
DA:78,1
DA:85,1
DA:90,2
DA:93,2
DA:96,2
DA:97,0
DA:101,2
DA:102,2
DA:104,2
DA:109,1
DA:114,1
DA:115,1
DA:116,1
DA:117,1
DA:121,1
DA:122,0
DA:123,0
DA:124,0
DA:125,0
DA:126,0
DA:127,0
DA:128,0
DA:130,0
DA:131,0
DA:135,1
DA:136,1
DA:139,1
DA:144,1
DA:145,1
DA:146,1
DA:149,1
DA:150,1
DA:151,1
DA:154,1
DA:155,1
LF:43
LH:33
BRDA:80,1,0,1
BRDA:80,1,1,1
BRDA:96,2,0,0
BRDA:96,2,1,2
BRDA:101,3,0,2
BRDA:101,3,1,0
BRDA:127,4,0,0
BRDA:127,4,1,0
BRDA:150,5,0,1
BRDA:150,5,1,1
BRF:10
BRH:6
end_of_record
TN:
SF:/Users/josephorr/Development/restify/routes/index.js
FN:5,(anonymous_1)
FN:6,(anonymous_2)
FNF:2
FNH:2
FNDA:1,(anonymous_1)
FNDA:2,(anonymous_2)
DA:3,1
DA:5,1
DA:6,1
DA:7,2
DA:8,1
LF:5
LH:5
BRDA:7,1,0,1
BRDA:7,1,1,1
BRDA:7,2,0,2
BRDA:7,2,1,2
BRF:4
BRH:4
end_of_record
TN:
SF:/Users/josephorr/Development/restify/routes/weather.js
FN:10,(anonymous_1)
FN:82,(anonymous_2)
FN:93,(anonymous_3)
FNF:3
FNH:3
FNDA:1,(anonymous_1)
FNDA:1,(anonymous_2)
FNDA:1,(anonymous_3)
DA:1,1
DA:2,1
DA:4,1
DA:8,1
DA:10,1
DA:82,1
DA:83,1
DA:85,1
DA:86,1
DA:89,1
DA:93,1
DA:94,1
LF:12
LH:12
BRF:0
BRH:0
end_of_record
